2017-05-10 10:30:02 agent_soa 4_ddsfdsfdgdsfgdsf failed!
2017-05-10 10:41:31 agent_soa 4_ddsfdsfdgdsfgdsf failed!
2017-05-10 10:42:41 agent_soa 4_ddsfdsfdgdsfgdsf failed!
2017-05-10 10:44:08 agent_soa 4_ddsfdsfdgdsfgdsf failed!
2017-05-10 10:45:12 agent_soa 4_ddsfdsfdgdsfgdsf failed!
2017-05-10 10:49:02 agent_soa 4_ddsfdsfdgdsfgdsf failed!
2017-05-10 10:50:43 agent_soa 4_ddsfdsfdgdsfgdsf failed!
2017-05-10 10:53:02 agent_soa 4_ddsfdsfdgdsfgdsf failed!
2017-05-10 10:53:07 agent_soa 5_dsfsdfasdfsd failed!
2017-05-10 10:54:50 agent_soa 4_ddsfdsfdgdsfgdsf failed!
2017-05-10 10:54:58 agent_soa 5_dsfsdfasdfsd failed!
2017-05-10 10:55:17 agent_soa 8_dsfdsfdsfsdfsdf success!
2017-05-10 17:35:47 agent_soa 4_fgdfgdfgd success!
2017-05-11 16:57:49 agent_soa 4_ddsfdsfdgdsfgdsf failed!
2017-05-12 16:31:39 agent_soa 4_ddsfdsfdgdsfgdsf failed!
2017-05-15 11:46:34 agent_soa 4_ddsfdsfdgdsfgdsf failed!
2017-05-16 14:02:04 im_soa 5_jkhjkhjkh failed!
2017-05-16 14:04:52 im_soa 5_jkhjkhjkh failed!
2017-05-17 16:44:26 Agent_AppSVR 138_b18041cb8296145ceb0ae8052ef1853bd2ab5a25 success!
2017-05-17 17:23:46 Agent_AppSVR 99_e392808321aeca0f0a4852f5ad61c7e9c87d9a89 success!
2017-05-17 17:25:39 Agent_AppSVR 93_d1fca239fbb927a7376fb1e5545861ff41ee78fb success!
2017-05-17 17:35:01 Agent_AppSVR 80_879ebcce09f5d110392b4068e5960eaa7f424b81 success!
2017-05-22 10:33:35 Agent_AppSVR 53_aae9d20a32cd189e7bc006078238fd57e3a56c99 success!
2017-05-22 18:25:59 BambooCS_Sys 2_8805de591862b0be008d0a9d67e97ecc0b1fce89 success!
2017-05-22 18:28:51 WKCS_Sys 1_512e3f5a6b4f46480489e6fd9e441487065a7369 success!
